{"routes/apiv1.js":{"path":"routes/apiv1.js","s":{"1":1,"2":1,"3":1,"4":1,"5":1,"6":1,"7":4,"8":4,"9":1,"10":3,"11":3,"12":3,"13":1,"14":2,"15":1,"16":1,"17":1,"18":1,"19":1,"20":1,"21":0,"22":0,"23":0,"24":0,"25":0,"26":0,"27":0,"28":0,"29":0,"30":0,"31":0,"32":0,"33":1,"34":1},"b":{"1":[1,3],"2":[4,4],"3":[1,2],"4":[1,1],"5":[0,0],"6":[0,0],"7":[0,0],"8":[0,0]},"f":{"1":4,"2":3,"3":0,"4":0},"fnMap":{"1":{"name":"(anonymous_1)","line":12,"loc":{"start":{"line":12,"column":21},"end":{"line":12,"column":40}}},"2":{"name":"(anonymous_2)","line":24,"loc":{"start":{"line":24,"column":7},"end":{"line":24,"column":33}}},"3":{"name":"(anonymous_3)","line":42,"loc":{"start":{"line":42,"column":22},"end":{"line":42,"column":41}}},"4":{"name":"(anonymous_4)","line":54,"loc":{"start":{"line":54,"column":7},"end":{"line":54,"column":33}}}},"statementMap":{"1":{"start":{"line":2,"column":0},"end":{"line":2,"column":33}},"2":{"start":{"line":3,"column":0},"end":{"line":3,"column":30}},"3":{"start":{"line":4,"column":0},"end":{"line":4,"column":33}},"4":{"start":{"line":6,"column":0},"end":{"line":8,"column":3}},"5":{"start":{"line":10,"column":0},"end":{"line":10,"column":125}},"6":{"start":{"line":12,"column":0},"end":{"line":39,"column":2}},"7":{"start":{"line":13,"column":1},"end":{"line":13,"column":25}},"8":{"start":{"line":14,"column":1},"end":{"line":16,"column":2}},"9":{"start":{"line":15,"column":2},"end":{"line":15,"column":45}},"10":{"start":{"line":18,"column":1},"end":{"line":18,"column":51}},"11":{"start":{"line":20,"column":1},"end":{"line":37,"column":7}},"12":{"start":{"line":25,"column":5},"end":{"line":36,"column":6}},"13":{"start":{"line":26,"column":6},"end":{"line":26,"column":53}},"14":{"start":{"line":29,"column":6},"end":{"line":35,"column":13}},"15":{"start":{"line":30,"column":7},"end":{"line":30,"column":109}},"16":{"start":{"line":31,"column":7},"end":{"line":31,"column":56}},"17":{"start":{"line":32,"column":7},"end":{"line":32,"column":45}},"18":{"start":{"line":34,"column":16},"end":{"line":34,"column":60}},"19":{"start":{"line":40,"column":0},"end":{"line":40,"column":46}},"20":{"start":{"line":42,"column":0},"end":{"line":69,"column":2}},"21":{"start":{"line":43,"column":1},"end":{"line":43,"column":25}},"22":{"start":{"line":44,"column":1},"end":{"line":46,"column":2}},"23":{"start":{"line":45,"column":2},"end":{"line":45,"column":45}},"24":{"start":{"line":48,"column":1},"end":{"line":48,"column":51}},"25":{"start":{"line":50,"column":1},"end":{"line":67,"column":7}},"26":{"start":{"line":55,"column":5},"end":{"line":66,"column":6}},"27":{"start":{"line":56,"column":6},"end":{"line":56,"column":53}},"28":{"start":{"line":59,"column":6},"end":{"line":65,"column":13}},"29":{"start":{"line":60,"column":7},"end":{"line":60,"column":109}},"30":{"start":{"line":61,"column":7},"end":{"line":61,"column":56}},"31":{"start":{"line":62,"column":7},"end":{"line":62,"column":45}},"32":{"start":{"line":64,"column":16},"end":{"line":64,"column":60}},"33":{"start":{"line":70,"column":0},"end":{"line":70,"column":48}},"34":{"start":{"line":72,"column":0},"end":{"line":72,"column":24}}},"branchMap":{"1":{"line":14,"type":"if","locations":[{"start":{"line":14,"column":1},"end":{"line":14,"column":1}},{"start":{"line":14,"column":1},"end":{"line":14,"column":1}}]},"2":{"line":14,"type":"binary-expr","locations":[{"start":{"line":14,"column":6},"end":{"line":14,"column":18}},{"start":{"line":14,"column":24},"end":{"line":14,"column":51}}]},"3":{"line":25,"type":"if","locations":[{"start":{"line":25,"column":5},"end":{"line":25,"column":5}},{"start":{"line":25,"column":5},"end":{"line":25,"column":5}}]},"4":{"line":29,"type":"if","locations":[{"start":{"line":29,"column":6},"end":{"line":29,"column":6}},{"start":{"line":29,"column":6},"end":{"line":29,"column":6}}]},"5":{"line":44,"type":"if","locations":[{"start":{"line":44,"column":1},"end":{"line":44,"column":1}},{"start":{"line":44,"column":1},"end":{"line":44,"column":1}}]},"6":{"line":44,"type":"binary-expr","locations":[{"start":{"line":44,"column":6},"end":{"line":44,"column":18}},{"start":{"line":44,"column":24},"end":{"line":44,"column":51}}]},"7":{"line":55,"type":"if","locations":[{"start":{"line":55,"column":5},"end":{"line":55,"column":5}},{"start":{"line":55,"column":5},"end":{"line":55,"column":5}}]},"8":{"line":59,"type":"if","locations":[{"start":{"line":59,"column":6},"end":{"line":59,"column":6}},{"start":{"line":59,"column":6},"end":{"line":59,"column":6}}]}}}}