TN:
SF:routes/apiv1.js
FN:12,(anonymous_1)
FN:24,(anonymous_2)
FN:42,(anonymous_3)
FN:54,(anonymous_4)
FNF:4
FNH:2
FNDA:4,(anonymous_1)
FNDA:3,(anonymous_2)
FNDA:0,(anonymous_3)
FNDA:0,(anonymous_4)
DA:2,1
DA:3,1
DA:4,1
DA:6,1
DA:10,1
DA:12,1
DA:13,4
DA:14,4
DA:15,1
DA:18,3
DA:20,3
DA:25,3
DA:26,1
DA:29,2
DA:30,1
DA:31,1
DA:32,1
DA:34,1
DA:40,1
DA:42,1
DA:43,0
DA:44,0
DA:45,0
DA:48,0
DA:50,0
DA:55,0
DA:56,0
DA:59,0
DA:60,0
DA:61,0
DA:62,0
DA:64,0
DA:70,1
DA:72,1
LF:34
LH:22
BRDA:14,1,0,1
BRDA:14,1,1,3
BRDA:14,2,0,4
BRDA:14,2,1,4
BRDA:25,3,0,1
BRDA:25,3,1,2
BRDA:29,4,0,1
BRDA:29,4,1,1
BRDA:44,5,0,0
BRDA:44,5,1,0
BRDA:44,6,0,0
BRDA:44,6,1,0
BRDA:55,7,0,0
BRDA:55,7,1,0
BRDA:59,8,0,0
BRDA:59,8,1,0
BRF:16
BRH:8
end_of_record
